<?xml version="1.0" encoding="UTF-8"?>
<testrun name="BabysitterWageCalculatorTest" project="BabysitterKata" tests="8" started="8" failures="0" errors="1" ignored="0">
  <testsuite name="com.babysitter.BabysitterWageCalculatorTest" time="0.016">
    <testcase name="whenCalculatingPay_calculatesEndTimeBeforeMidnight" classname="com.babysitter.BabysitterWageCalculatorTest" time="0.011"/>
    <testcase name="whenValidatingStartTime_throwsValidationException" classname="com.babysitter.BabysitterWageCalculatorTest" time="0.0"/>
    <testcase name="whenCalculatingPay_calculatesNonEdgeCases" classname="com.babysitter.BabysitterWageCalculatorTest" time="0.003">
      <error>com.babysitter.ValidationException: Start time must be no earlier then 5 PM and End time must be no later to 4 PM&#13;
	at com.babysitter.BabysitterWageCalculator.validateStartTimeAndEndTime(BabysitterWageCalculator.java:42)&#13;
	at com.babysitter.BabysitterWageCalculator.calculateBabysitterWagesInCalculationTime(BabysitterWageCalculator.java:22)&#13;
	at com.babysitter.BabysitterWageCalculator.calculateBabysitterWages(BabysitterWageCalculator.java:18)&#13;
	at com.babysitter.BabysitterWageCalculatorTest.whenCalculatingPay_calculatesNonEdgeCases(BabysitterWageCalculatorTest.java:47)&#13;
	at sun.reflect.NativeMethodAccessorImpl.invoke0(Native Method)&#13;
	at sun.reflect.NativeMethodAccessorImpl.invoke(Unknown Source)&#13;
	at sun.reflect.DelegatingMethodAccessorImpl.invoke(Unknown Source)&#13;
	at java.lang.reflect.Method.invoke(Unknown Source)&#13;
	at org.junit.runners.model.FrameworkMethod$1.runReflectiveCall(FrameworkMethod.java:47)&#13;
	at org.junit.internal.runners.model.ReflectiveCallable.run(ReflectiveCallable.java:12)&#13;
	at org.junit.runners.model.FrameworkMethod.invokeExplosively(FrameworkMethod.java:44)&#13;
	at org.junit.internal.runners.statements.InvokeMethod.evaluate(InvokeMethod.java:17)&#13;
	at org.junit.runners.ParentRunner.runLeaf(ParentRunner.java:271)&#13;
	at org.junit.runners.BlockJUnit4ClassRunner.runChild(BlockJUnit4ClassRunner.java:70)&#13;
	at org.junit.runners.BlockJUnit4ClassRunner.runChild(BlockJUnit4ClassRunner.java:50)&#13;
	at org.junit.runners.ParentRunner$3.run(ParentRunner.java:238)&#13;
	at org.junit.runners.ParentRunner$1.schedule(ParentRunner.java:63)&#13;
	at org.junit.runners.ParentRunner.runChildren(ParentRunner.java:236)&#13;
	at org.junit.runners.ParentRunner.access$000(ParentRunner.java:53)&#13;
	at org.junit.runners.ParentRunner$2.evaluate(ParentRunner.java:229)&#13;
	at org.junit.runners.ParentRunner.run(ParentRunner.java:309)&#13;
	at org.mockito.internal.runners.JUnit45AndHigherRunnerImpl.run(JUnit45AndHigherRunnerImpl.java:37)&#13;
	at org.mockito.runners.MockitoJUnitRunner.run(MockitoJUnitRunner.java:62)&#13;
	at org.eclipse.jdt.internal.junit4.runner.JUnit4TestReference.run(JUnit4TestReference.java:50)&#13;
	at org.eclipse.jdt.internal.junit.runner.TestExecution.run(TestExecution.java:38)&#13;
	at org.eclipse.jdt.internal.junit.runner.RemoteTestRunner.runTests(RemoteTestRunner.java:459)&#13;
	at org.eclipse.jdt.internal.junit.runner.RemoteTestRunner.runTests(RemoteTestRunner.java:675)&#13;
	at org.eclipse.jdt.internal.junit.runner.RemoteTestRunner.run(RemoteTestRunner.java:382)&#13;
	at org.eclipse.jdt.internal.junit.runner.RemoteTestRunner.main(RemoteTestRunner.java:192)&#13;
&#13;
</error>
    </testcase>
    <testcase name="whenValidatingEndTime_throwsValidationException" classname="com.babysitter.BabysitterWageCalculatorTest" time="0.0"/>
    <testcase name="whenCalculatingPay_calculatesBedTimeBeforeStartTime" classname="com.babysitter.BabysitterWageCalculatorTest" time="0.001"/>
    <testcase name="whenValidatingEndTime_throwsValidationExceptionWhenEndTimeAfterStartTime" classname="com.babysitter.BabysitterWageCalculatorTest" time="0.0"/>
    <testcase name="whenCalculatingPay_calculatesBedTimeAfterMidnight" classname="com.babysitter.BabysitterWageCalculatorTest" time="0.0"/>
    <testcase name="whenCalculatingPay_calculatesBedTimeAfterEndTime" classname="com.babysitter.BabysitterWageCalculatorTest" time="0.001"/>
  </testsuite>
</testrun>
